<?xml version="1.0" encoding="UTF-8"?>
<testsuite xmlns:xsi="http://www.w3.org/2001/XMLSchema-instance" xsi:noNamespaceSchemaLocation="https://maven.apache.org/surefire/maven-surefire-plugin/xsd/surefire-test-report.xsd" name="ru.netology.domain.RadiomanTest" time="0.103" tests="20" errors="0" skipped="0" failures="0">
  <properties>
[...]
</properties>
  <testcase name="setMinStation" classname="ru.netology.domain.RadiomanTest" time="0.031"/>
  <testcase name="downVolumeOverMinVolume" classname="ru.netology.domain.RadiomanTest" time="0"/>
  <testcase name="setCurrentVolume" classname="ru.netology.domain.RadiomanTest" time="0"/>
  <testcase name="nextStation" classname="ru.netology.domain.RadiomanTest" time="0"/>
  <testcase name="setCurrentStation" classname="ru.netology.domain.RadiomanTest" time="0"/>
  <testcase name="upVolumeOverMaxVolume" classname="ru.netology.domain.RadiomanTest" time="0"/>
  <testcase name="setMaxStation" classname="ru.netology.domain.RadiomanTest" time="0"/>
  <testcase name="setCurrentVolumeOverMaxVolume" classname="ru.netology.domain.RadiomanTest" time="0"/>
  <testcase name="setCurrentVolumeEquallyMinVolume" classname="ru.netology.domain.RadiomanTest" time="0"/>
  <testcase name="nextStationAfterMaxStation" classname="ru.netology.domain.RadiomanTest" time="0"/>
  <testcase name="setCurrentStationUnderMinStation" classname="ru.netology.domain.RadiomanTest" time="0"/>
  <testcase name="prevStationAfterMinStation" classname="ru.netology.domain.RadiomanTest" time="0"/>
  <testcase name="upVolume" classname="ru.netology.domain.RadiomanTest" time="0"/>
  <testcase name="setMaxVolume" classname="ru.netology.domain.RadiomanTest" time="0"/>
  <testcase name="prevStation" classname="ru.netology.domain.RadiomanTest" time="0"/>
  <testcase name="setCurrentVolumeUnderMinVolume" classname="ru.netology.domain.RadiomanTest" time="0.008"/>
  <testcase name="setCurrentStationEquallyMinStation" classname="ru.netology.domain.RadiomanTest" time="0"/>
  <testcase name="downVolume" classname="ru.netology.domain.RadiomanTest" time="0"/>
  <testcase name="setCurrentStationOverMaxStation" classname="ru.netology.domain.RadiomanTest" time="0"/>
  <testcase name="setMinVolume" classname="ru.netology.domain.RadiomanTest" time="0"/>
</testsuite>